2025-09-21 22:44:23 [[31merror[39m]: [ERROR - productController/UpdateThumbnail]: 
2025-09-21 23:10:34 [[31merror[39m]: [ERROR - productController/DeleteToImage]: 
2025-09-21 23:11:13 [[31merror[39m]: [ERROR - productController/DeleteToImage]: 
2025-09-27 21:57:32 [[31merror[39m]: Veritabanı hatası: 
2025-09-27 22:06:39 [[31merror[39m]: [ERROR - userController/UserInfo]: 
2025-10-09 02:51:38 [[31merror[39m]: Veritabanı hatası: 
2025-10-09 02:53:35 [[31merror[39m]: Veritabanı hatası: 
2025-10-09 03:07:26 [[31merror[39m]: Veritabanı hatası: 
2025-10-09 02:51:21 [[31merror[39m]: Veritabanı hatası: 
2025-10-12 20:54:46 [[31merror[39m]: [ERROR - userController/UserInfoGetByToken]: 
2025-10-12 20:54:53 [[31merror[39m]: [ERROR - userController/UserInfoGetByToken]: 
2025-10-12 20:54:53 [[31merror[39m]: [ERROR - userController/UserInfoGetByToken]: 
2025-10-30 02:26:53 [[31merror[39m]: [ERROR - productController/GetProducts]: 
2025-10-30 02:26:57 [[31merror[39m]: [ERROR - productController/GetProducts]: 
2025-10-30 02:26:58 [[31merror[39m]: [ERROR - productController/GetProducts]: 
2025-10-30 02:27:45 [[31merror[39m]: [ERROR - productController/GetProducts]: 
2025-10-30 02:27:53 [[31merror[39m]: [ERROR - productController/GetProducts]: 
2025-10-30 02:27:54 [[31merror[39m]: [ERROR - productController/GetProducts]: 
2025-10-30 02:27:54 [[31merror[39m]: [ERROR - productController/GetProducts]: 
2025-10-30 02:27:55 [[31merror[39m]: [ERROR - productController/GetProducts]: 
2025-10-30 02:27:55 [[31merror[39m]: [ERROR - productController/GetProducts]: 
2025-10-30 02:27:55 [[31merror[39m]: [ERROR - productController/GetProducts]: 
2025-10-30 02:27:55 [[31merror[39m]: [ERROR - productController/GetProducts]: 
2025-11-17 17:16:52 [[31merror[39m]: [ERROR - userController/UserInfoGetByToken]: 
2025-11-17 17:16:52 [[31merror[39m]: [ERROR - userController/UserInfoGetByToken]: 
2025-11-17 17:16:55 [[31merror[39m]: [ERROR - userController/UserInfoGetByToken]: 
2025-11-17 17:16:55 [[31merror[39m]: [ERROR - userController/UserInfoGetByToken]: 
2025-11-17 17:18:57 [[31merror[39m]: [ERROR - userController/UserInfoGetByToken]: 
2025-11-17 17:18:57 [[31merror[39m]: [ERROR - userController/UserInfoGetByToken]: 
2025-11-17 17:26:49 [[31merror[39m]: [ERROR - userController/UserInfoGetByToken]: 
